<?xml version="1.0" encoding="UTF-8"?>
<!-- Generated by org.testng.reporters.JUnitXMLReporter -->
<testsuite hostname="ATMECSINLT-033" ignored="0" name="Test" tests="5" failures="0" timestamp="22 Aug 2019 10:09:18 GMT" time="0.728" errors="0">
  <testcase name="test1" time="0.012" classname="ATMECS.XLSX_Test.AppTest"/>
  <testcase name="test1" time="0.004" classname="ATMECS.XLSX_Test.AppTest"/>
  <testcase name="test1" time="0.004" classname="ATMECS.XLSX_Test.AppTest"/>
  <testcase name="test1" time="0.004" classname="ATMECS.XLSX_Test.AppTest"/>
  <testcase name="test1" time="0.012" classname="ATMECS.XLSX_Test.AppTest"/>
</testsuite> <!-- Test -->
